0 info it worked if it ends with ok
1 verbose cli [ 'C:\\nodejs\\node.exe',
1 verbose cli   'C:\\nodejs\\node_modules\\npm\\bin\\npm-cli.js',
1 verbose cli   'install',
1 verbose cli   'i2z.js',
1 verbose cli   '--save' ]
2 info using npm@4.1.2
3 info using node@v7.5.0
4 silly loadCurrentTree Starting
5 silly install loadCurrentTree
6 silly install readLocalPackageData
7 silly fetchPackageMetaData i2z.js
8 silly fetchOtherPackageData i2z.js
9 silly cache add args [ 'i2z.js', null ]
10 verbose cache add spec i2z.js
11 silly cache add parsed spec Result {
11 silly cache add   raw: 'i2z.js',
11 silly cache add   scope: null,
11 silly cache add   escapedName: 'i2z.js',
11 silly cache add   name: null,
11 silly cache add   rawSpec: 'i2z.js',
11 silly cache add   spec: 'd:\\work\\asm-trans\\i2z.js',
11 silly cache add   type: 'local' }
12 silly addLocalTarball shasum (computed) be4bccd32b5eba7ce4defbda1d6eb79235e33b3a
13 verbose addTmpTarball d:\work\asm-trans\i2z.js not in flight; adding
14 verbose correctMkdir C:\Users\martin\AppData\Roaming\npm-cache correctMkdir not in flight; initializing
15 verbose addTmpTarball validating metadata from d:\work\asm-trans\i2z.js
16 verbose tar unpack d:\work\asm-trans\i2z.js
17 verbose tar unpacking to C:\Users\martin\AppData\Local\Temp\npm-20016-5bc2be34\unpack-58dab796
18 silly gentlyRm C:\Users\martin\AppData\Local\Temp\npm-20016-5bc2be34\unpack-58dab796 is being purged
19 verbose gentlyRm don't care about contents; nuking C:\Users\martin\AppData\Local\Temp\npm-20016-5bc2be34\unpack-58dab796
20 silly gunzTarPerm modes [ '777', '666' ]
21 error not a package d:\work\asm-trans\i2z.js
22 error addLocal Could not install d:\work\asm-trans\i2z.js
23 silly fetchPackageMetaData Error: ENOENT: no such file or directory, open 'C:\Users\martin\AppData\Local\Temp\npm-20016-5bc2be34\unpack-58dab796\package.json'
23 silly fetchPackageMetaData  error for i2z.js { Error: ENOENT: no such file or directory, open 'C:\Users\martin\AppData\Local\Temp\npm-20016-5bc2be34\unpack-58dab796\package.json'
23 silly fetchPackageMetaData   errno: -4058,
23 silly fetchPackageMetaData   code: 'ENOENT',
23 silly fetchPackageMetaData   syscall: 'open',
23 silly fetchPackageMetaData   path: 'C:\\Users\\martin\\AppData\\Local\\Temp\\npm-20016-5bc2be34\\unpack-58dab796\\package.json' }
24 silly rollbackFailedOptional Starting
25 silly rollbackFailedOptional Finishing
26 silly runTopLevelLifecycles Finishing
27 silly install printInstalled
28 verbose stack Error: ENOENT: no such file or directory, open 'C:\Users\martin\AppData\Local\Temp\npm-20016-5bc2be34\unpack-58dab796\package.json'
29 verbose cwd d:\work\asm-trans
30 error Windows_NT 10.0.17134
31 error argv "C:\\nodejs\\node.exe" "C:\\nodejs\\node_modules\\npm\\bin\\npm-cli.js" "install" "i2z.js" "--save"
32 error node v7.5.0
33 error npm  v4.1.2
34 error path C:\Users\martin\AppData\Local\Temp\npm-20016-5bc2be34\unpack-58dab796\package.json
35 error code ENOENT
36 error errno -4058
37 error syscall open
38 error enoent ENOENT: no such file or directory, open 'C:\Users\martin\AppData\Local\Temp\npm-20016-5bc2be34\unpack-58dab796\package.json'
39 error enoent ENOENT: no such file or directory, open 'C:\Users\martin\AppData\Local\Temp\npm-20016-5bc2be34\unpack-58dab796\package.json'
39 error enoent This is most likely not a problem with npm itself
39 error enoent and is related to npm not being able to find a file.
40 verbose exit [ -4058, true ]
